TN:
SF:script/Counter.s.sol
DA:10,0
FN:10,CounterScript.setUp
FNDA:0,CounterScript.setUp
DA:12,0
FN:12,CounterScript.run
FNDA:0,CounterScript.run
DA:13,0
DA:15,0
DA:17,0
FNF:2
FNH:0
LF:5
LH:0
BRF:0
BRH:0
end_of_record
TN:
SF:src/Counter.sol
DA:7,258
FN:7,Counter.setNumber
FNDA:258,Counter.setNumber
DA:8,258
DA:11,1
FN:11,Counter.increment
FNDA:1,Counter.increment
DA:12,1
FNF:2
FNH:2
LF:4
LH:4
BRF:0
BRH:0
end_of_record
TN:
SF:src/Staking.sol
DA:30,10
FN:30,StakingRewards.constructor
FNDA:10,StakingRewards.constructor
DA:31,10
DA:32,10
DA:33,10
DA:36,5
FN:36,StakingRewards.onlyOwner
FNDA:5,StakingRewards.onlyOwner
DA:37,5
BRDA:37,0,0,1
BRDA:37,0,1,4
DA:41,2
FN:41,StakingRewards.updateReward
FNDA:2,StakingRewards.updateReward
DA:42,2
DA:43,2
DA:45,2
BRDA:45,1,0,2
DA:46,2
DA:47,2
DA:53,1
FN:53,StakingRewards.lastTimeRewardApplicable
FNDA:1,StakingRewards.lastTimeRewardApplicable
DA:54,19
DA:57,1
FN:57,StakingRewards.rewardPerToken
FNDA:1,StakingRewards.rewardPerToken
DA:58,23
BRDA:58,2,0,18
DA:59,18
DA:62,5
DA:65,4
FN:65,StakingRewards.stake
FNDA:4,StakingRewards.stake
DA:66,4
BRDA:66,3,0,1
BRDA:66,3,1,3
DA:67,3
DA:68,3
DA:69,3
DA:72,2
FN:72,StakingRewards.withdraw
FNDA:2,StakingRewards.withdraw
DA:73,2
BRDA:73,4,0,1
BRDA:73,4,1,1
DA:74,1
DA:75,1
DA:76,1
DA:79,1
FN:79,StakingRewards.earned
FNDA:1,StakingRewards.earned
DA:80,9
DA:81,9
DA:84,2
FN:84,StakingRewards.getReward
FNDA:2,StakingRewards.getReward
DA:85,2
DA:86,2
BRDA:86,5,0,1
DA:87,1
DA:88,1
DA:92,5
FN:92,StakingRewards.setRewardsDuration
FNDA:5,StakingRewards.setRewardsDuration
DA:93,4
BRDA:93,6,0,1
BRDA:93,6,1,3
DA:94,3
DA:97,5
FN:97,StakingRewards.notifyRewardAmount
FNDA:5,StakingRewards.notifyRewardAmount
DA:98,5
BRDA:98,7,0,5
BRDA:98,7,1,-
DA:99,5
DA:101,0
DA:102,0
DA:105,5
BRDA:105,8,0,1
BRDA:105,8,1,4
DA:106,4
BRDA:106,9,0,1
BRDA:106,9,1,3
DA:108,3
DA:109,3
DA:112,19
FN:112,StakingRewards._min
FNDA:19,StakingRewards._min
DA:113,19
FNF:12
FNH:12
LF:50
LH:48
BRF:17
BRH:16
end_of_record
