TN:
SF:script/Counter.s.sol
DA:10,0
FN:10,CounterScript.setUp
FNDA:0,CounterScript.setUp
DA:12,0
FN:12,CounterScript.run
FNDA:0,CounterScript.run
DA:13,0
DA:15,0
DA:17,0
FNF:2
FNH:0
LF:5
LH:0
BRF:0
BRH:0
end_of_record
TN:
SF:src/Counter.sol
DA:7,258
FN:7,Counter.setNumber
FNDA:258,Counter.setNumber
DA:8,258
DA:11,1
FN:11,Counter.increment
FNDA:1,Counter.increment
DA:12,1
FNF:2
FNH:2
LF:4
LH:4
BRF:0
BRH:0
end_of_record
TN:
SF:src/Staking.sol
DA:30,11
FN:30,StakingRewards.constructor
FNDA:11,StakingRewards.constructor
DA:31,11
DA:32,11
DA:33,11
DA:36,7
FN:36,StakingRewards.onlyOwner
FNDA:7,StakingRewards.onlyOwner
DA:37,7
BRDA:37,0,0,1
BRDA:37,0,1,5
DA:41,2
FN:41,StakingRewards.updateReward
FNDA:2,StakingRewards.updateReward
DA:42,2
DA:43,2
DA:45,2
BRDA:45,1,0,2
DA:46,2
DA:47,2
DA:53,1
FN:53,StakingRewards.lastTimeRewardApplicable
FNDA:1,StakingRewards.lastTimeRewardApplicable
DA:54,21
DA:57,1
FN:57,StakingRewards.rewardPerToken
FNDA:1,StakingRewards.rewardPerToken
DA:58,25
BRDA:58,2,0,20
DA:59,20
DA:62,5
DA:65,4
FN:65,StakingRewards.stake
FNDA:4,StakingRewards.stake
DA:66,4
BRDA:66,3,0,1
BRDA:66,3,1,3
DA:67,3
DA:68,3
DA:69,3
DA:72,2
FN:72,StakingRewards.withdraw
FNDA:2,StakingRewards.withdraw
DA:73,2
BRDA:73,4,0,1
BRDA:73,4,1,1
DA:74,1
DA:75,1
DA:76,1
DA:79,1
FN:79,StakingRewards.earned
FNDA:1,StakingRewards.earned
DA:80,9
DA:83,2
FN:83,StakingRewards.getReward
FNDA:2,StakingRewards.getReward
DA:84,2
DA:85,2
BRDA:85,5,0,1
DA:86,1
DA:87,1
DA:91,6
FN:91,StakingRewards.setRewardsDuration
FNDA:6,StakingRewards.setRewardsDuration
DA:92,5
BRDA:92,6,0,1
BRDA:92,6,1,4
DA:93,4
DA:96,7
FN:96,StakingRewards.notifyRewardAmount
FNDA:7,StakingRewards.notifyRewardAmount
DA:97,7
BRDA:97,7,0,6
BRDA:97,7,1,1
DA:98,6
DA:100,1
DA:101,1
DA:104,7
BRDA:104,8,0,1
BRDA:104,8,1,6
DA:105,6
BRDA:105,9,0,1
BRDA:105,9,1,5
DA:107,5
DA:108,5
DA:111,21
FN:111,StakingRewards._min
FNDA:21,StakingRewards._min
DA:112,21
FNF:12
FNH:12
LF:49
LH:49
BRF:17
BRH:17
end_of_record
